<beans xmlns="http://www.springframework.org/schema/beans"
       xmlns:xsi="http://www.w3.org/2001/XMLSchema-instance" xmlns:util="http://www.springframework.org/schema/util"
       xmlns:context="http://www.springframework.org/schema/context"
       xsi:schemaLocation="http://www.springframework.org/schema/beans http://www.springframework.org/schema/beans/spring-beans.xsd http://www.springframework.org/schema/util https://www.springframework.org/schema/util/spring-util.xsd http://www.springframework.org/schema/context https://www.springframework.org/schema/context/spring-context.xsd">

    <bean class="org.springframework.cache.support.NoOpCacheManager" primary="true"/>

    <!-- Disabling Hibernate 2-d level cache -->
    <beans profile="jpa,datajpa">
        <util:properties id="disableCache">
            <prop key="entityManagerFactory.jpaPropertyMap['hibernate.cache.use_second_level_cache']">false</prop>
        </util:properties>

        <context:property-override properties-ref="disableCache"/>
    </beans>

</beans>